<?xml version="1.0" encoding="UTF-8"?>
<!-- Generated by org.testng.reporters.JUnitReportReporter -->
<testsuite hostname="LAPTOP-2S3H863K" failures="0" tests="1" name="TestClass.LoginTest" time="1.277" errors="0" timestamp="2023-09-09T17:11:07 IST" skipped="0">
  <testcase classname="TestClass.LoginTest" name="LoginUserTest" time="1.277"/>
</testsuite> <!-- TestClass.LoginTest -->
